<?xml version="1.0" encoding="UTF-8"?>
<testng-results ignored="0" total="6" passed="6" failed="0" skipped="0">
  <reporter-output>
  </reporter-output>
  <suite started-at="2020-03-03T19:57:24 EST" name="Command line suite" finished-at="2020-03-03T19:57:24 EST" duration-ms="65">
    <groups>
    </groups>
    <test started-at="2020-03-03T19:57:24 EST" name="Command line test" finished-at="2020-03-03T19:57:24 EST" duration-ms="65">
      <class name="qaclickacademy.AppiumTest">
        <test-method signature="IOSApps()[pri:0, instance:qaclickacademy.AppiumTest@5c072e3f]" started-at="2020-03-03T19:57:24 EST" name="IOSApps" finished-at="2020-03-03T19:57:24 EST" duration-ms="8" status="PASS">
          <reporter-output>
          </reporter-output>
        </test-method> <!-- IOSApps -->
        <test-method signature="NativeAppAndroid()[pri:0, instance:qaclickacademy.AppiumTest@5c072e3f]" started-at="2020-03-03T19:57:24 EST" name="NativeAppAndroid" finished-at="2020-03-03T19:57:24 EST" duration-ms="0" status="PASS">
          <reporter-output>
          </reporter-output>
        </test-method> <!-- NativeAppAndroid -->
      </class> <!-- qaclickacademy.AppiumTest -->
      <class name="qaclickacademy.RestAPITest">
        <test-method signature="deleteTwitter()[pri:0, instance:qaclickacademy.RestAPITest@4d1b0d2a]" started-at="2020-03-03T19:57:24 EST" name="deleteTwitter" finished-at="2020-03-03T19:57:24 EST" duration-ms="0" status="PASS">
          <reporter-output>
          </reporter-output>
        </test-method> <!-- deleteTwitter -->
        <test-method signature="postJIRA()[pri:0, instance:qaclickacademy.RestAPITest@4d1b0d2a]" started-at="2020-03-03T19:57:24 EST" name="postJIRA" finished-at="2020-03-03T19:57:24 EST" duration-ms="0" status="PASS">
          <reporter-output>
          </reporter-output>
        </test-method> <!-- postJIRA -->
      </class> <!-- qaclickacademy.RestAPITest -->
      <class name="qaclickacademy.SeleniumTest">
        <test-method signature="BrowserAutomation()[pri:0, instance:qaclickacademy.SeleniumTest@954b04f]" started-at="2020-03-03T19:57:24 EST" name="BrowserAutomation" finished-at="2020-03-03T19:57:24 EST" duration-ms="1" status="PASS">
          <reporter-output>
          </reporter-output>
        </test-method> <!-- BrowserAutomation -->
        <test-method signature="elementsUi()[pri:0, instance:qaclickacademy.SeleniumTest@954b04f]" started-at="2020-03-03T19:57:24 EST" name="elementsUi" finished-at="2020-03-03T19:57:24 EST" duration-ms="0" status="PASS">
          <reporter-output>
          </reporter-output>
        </test-method> <!-- elementsUi -->
      </class> <!-- qaclickacademy.SeleniumTest -->
    </test> <!-- Command line test -->
  </suite> <!-- Command line suite -->
</testng-results>
